<?xml version="1.0" encoding="UTF-8"?>
<!-- Generated by org.testng.reporters.JUnitReportReporter -->
<testsuite hostname="IBM605-PC0GS16S" failures="0" tests="1" name="com.ibm.test.BaseTest" time="0.017" errors="0" timestamp="03 Jan 2019 07:01:15 GMT" skipped="0">
  <testcase classname="com.ibm.test.BaseTest" name="LoginTest" time="0.017"/>
</testsuite> <!-- com.ibm.test.BaseTest -->
